0 info it worked if it ends with ok
1 verbose cli [ '/Users/acgilardi/.nvm/v4.2.6/bin/node',
1 verbose cli   '/Users/acgilardi/.nvm/v4.2.6/bin/npm',
1 verbose cli   '-g',
1 verbose cli   'install' ]
2 info using npm@2.14.12
3 info using node@v4.2.6
4 verbose install initial load of /Users/acgilardi/.nvm/v4.2.6/lib/package.json
5 verbose readDependencies loading dependencies from /Users/acgilardi/.nvm/v4.2.6/lib/package.json
6 silly cache add args [ '.', null ]
7 verbose cache add spec .
8 silly cache add parsed spec Result {
8 silly cache add   raw: '.',
8 silly cache add   scope: null,
8 silly cache add   name: null,
8 silly cache add   rawSpec: '.',
8 silly cache add   spec: '/Users/acgilardi/Dev/MyIonic2Project',
8 silly cache add   type: 'directory' }
9 error addLocal Could not install /Users/acgilardi/Dev/MyIonic2Project
10 verbose stack Error: No version provided in package.json
10 verbose stack     at /Users/acgilardi/.nvm/v4.2.6/lib/node_modules/npm/lib/cache/add-local.js:70:17
10 verbose stack     at /Users/acgilardi/.nvm/v4.2.6/lib/node_modules/npm/node_modules/read-package-json/read-json.js:345:5
10 verbose stack     at checkBinReferences_ (/Users/acgilardi/.nvm/v4.2.6/lib/node_modules/npm/node_modules/read-package-json/read-json.js:309:45)
10 verbose stack     at final (/Users/acgilardi/.nvm/v4.2.6/lib/node_modules/npm/node_modules/read-package-json/read-json.js:343:3)
10 verbose stack     at then (/Users/acgilardi/.nvm/v4.2.6/lib/node_modules/npm/node_modules/read-package-json/read-json.js:113:5)
10 verbose stack     at ReadFileContext.<anonymous> (/Users/acgilardi/.nvm/v4.2.6/lib/node_modules/npm/node_modules/read-package-json/read-json.js:284:20)
10 verbose stack     at ReadFileContext.callback (/Users/acgilardi/.nvm/v4.2.6/lib/node_modules/npm/node_modules/graceful-fs/graceful-fs.js:76:16)
10 verbose stack     at FSReqWrap.readFileAfterOpen [as oncomplete] (fs.js:303:13)
11 verbose cwd /Users/acgilardi/Dev/MyIonic2Project
12 error Darwin 15.3.0
13 error argv "/Users/acgilardi/.nvm/v4.2.6/bin/node" "/Users/acgilardi/.nvm/v4.2.6/bin/npm" "-g" "install"
14 error node v4.2.6
15 error npm  v2.14.12
16 error No version provided in package.json
17 error If you need help, you may report this error at:
17 error     <https://github.com/npm/npm/issues>
18 verbose exit [ 1, true ]
